2016-06-20 01:23:45 DEBUG logging:28 - Logging Provider: org.jboss.logging.Log4jLoggerProvider
2016-06-20 01:23:45 DEBUG BasicTypeRegistry:135 - Adding type registration boolean -> org.hibernate.type.BooleanType@51e2adc7
2016-06-20 01:23:45 DEBUG BasicTypeRegistry:135 - Adding type registration boolean -> org.hibernate.type.BooleanType@51e2adc7
2016-06-20 01:23:45 DEBUG BasicTypeRegistry:135 - Adding type registration java.lang.Boolean -> org.hibernate.type.BooleanType@51e2adc7
2016-06-20 01:23:45 DEBUG BasicTypeRegistry:135 - Adding type registration numeric_boolean -> org.hibernate.type.NumericBooleanType@3234e239
2016-06-20 01:23:45 DEBUG BasicTypeRegistry:135 - Adding type registration true_false -> org.hibernate.type.TrueFalseType@436e852b
2016-06-20 01:23:45 DEBUG BasicTypeRegistry:135 - Adding type registration yes_no -> org.hibernate.type.YesNoType@3e57cd70
2016-06-20 01:23:45 DEBUG BasicTypeRegistry:135 - Adding type registration byte -> org.hibernate.type.ByteType@6b9651f3
2016-06-20 01:23:45 DEBUG BasicTypeRegistry:135 - Adding type registration byte -> org.hibernate.type.ByteType@6b9651f3
2016-06-20 01:23:45 DEBUG BasicTypeRegistry:135 - Adding type registration java.lang.Byte -> org.hibernate.type.ByteType@6b9651f3
2016-06-20 01:23:45 DEBUG BasicTypeRegistry:135 - Adding type registration character -> org.hibernate.type.CharacterType@26a7b76d
2016-06-20 01:23:45 DEBUG BasicTypeRegistry:135 - Adding type registration char -> org.hibernate.type.CharacterType@26a7b76d
2016-06-20 01:23:45 DEBUG BasicTypeRegistry:135 - Adding type registration java.lang.Character -> org.hibernate.type.CharacterType@26a7b76d
2016-06-20 01:23:45 DEBUG BasicTypeRegistry:135 - Adding type registration short -> org.hibernate.type.ShortType@7113b13f
2016-06-20 01:23:45 DEBUG BasicTypeRegistry:135 - Adding type registration short -> org.hibernate.type.ShortType@7113b13f
2016-06-20 01:23:45 DEBUG BasicTypeRegistry:135 - Adding type registration java.lang.Short -> org.hibernate.type.ShortType@7113b13f
2016-06-20 01:23:45 DEBUG BasicTypeRegistry:135 - Adding type registration integer -> org.hibernate.type.IntegerType@5bcea91b
2016-06-20 01:23:45 DEBUG BasicTypeRegistry:135 - Adding type registration int -> org.hibernate.type.IntegerType@5bcea91b
2016-06-20 01:23:45 DEBUG BasicTypeRegistry:135 - Adding type registration java.lang.Integer -> org.hibernate.type.IntegerType@5bcea91b
2016-06-20 01:23:45 DEBUG BasicTypeRegistry:135 - Adding type registration long -> org.hibernate.type.LongType@46daef40
2016-06-20 01:23:45 DEBUG BasicTypeRegistry:135 - Adding type registration long -> org.hibernate.type.LongType@46daef40
2016-06-20 01:23:45 DEBUG BasicTypeRegistry:135 - Adding type registration java.lang.Long -> org.hibernate.type.LongType@46daef40
2016-06-20 01:23:45 DEBUG BasicTypeRegistry:135 - Adding type registration float -> org.hibernate.type.FloatType@77ec78b9
2016-06-20 01:23:45 DEBUG BasicTypeRegistry:135 - Adding type registration float -> org.hibernate.type.FloatType@77ec78b9
2016-06-20 01:23:45 DEBUG BasicTypeRegistry:135 - Adding type registration java.lang.Float -> org.hibernate.type.FloatType@77ec78b9
2016-06-20 01:23:45 DEBUG BasicTypeRegistry:135 - Adding type registration double -> org.hibernate.type.DoubleType@4d3167f4
2016-06-20 01:23:45 DEBUG BasicTypeRegistry:135 - Adding type registration double -> org.hibernate.type.DoubleType@4d3167f4
2016-06-20 01:23:45 DEBUG BasicTypeRegistry:135 - Adding type registration java.lang.Double -> org.hibernate.type.DoubleType@4d3167f4
2016-06-20 01:23:45 DEBUG BasicTypeRegistry:135 - Adding type registration big_decimal -> org.hibernate.type.BigDecimalType@11758f2a
2016-06-20 01:23:45 DEBUG BasicTypeRegistry:135 - Adding type registration java.math.BigDecimal -> org.hibernate.type.BigDecimalType@11758f2a
2016-06-20 01:23:45 DEBUG BasicTypeRegistry:135 - Adding type registration big_integer -> org.hibernate.type.BigIntegerType@6a1aab78
2016-06-20 01:23:45 DEBUG BasicTypeRegistry:135 - Adding type registration java.math.BigInteger -> org.hibernate.type.BigIntegerType@6a1aab78
2016-06-20 01:23:45 DEBUG BasicTypeRegistry:135 - Adding type registration string -> org.hibernate.type.StringType@66d1af89
2016-06-20 01:23:45 DEBUG BasicTypeRegistry:135 - Adding type registration java.lang.String -> org.hibernate.type.StringType@66d1af89
2016-06-20 01:23:45 DEBUG BasicTypeRegistry:135 - Adding type registration nstring -> org.hibernate.type.StringNVarcharType@6950e31
2016-06-20 01:23:45 DEBUG BasicTypeRegistry:135 - Adding type registration ncharacter -> org.hibernate.type.CharacterNCharType@192d3247
2016-06-20 01:23:45 DEBUG BasicTypeRegistry:135 - Adding type registration url -> org.hibernate.type.UrlType@64f6106c
2016-06-20 01:23:45 DEBUG BasicTypeRegistry:135 - Adding type registration java.net.URL -> org.hibernate.type.UrlType@64f6106c
2016-06-20 01:23:45 DEBUG BasicTypeRegistry:135 - Adding type registration date -> org.hibernate.type.DateType@32eebfca
2016-06-20 01:23:45 DEBUG BasicTypeRegistry:135 - Adding type registration java.sql.Date -> org.hibernate.type.DateType@32eebfca
2016-06-20 01:23:45 DEBUG BasicTypeRegistry:135 - Adding type registration time -> org.hibernate.type.TimeType@43738a82
2016-06-20 01:23:45 DEBUG BasicTypeRegistry:135 - Adding type registration java.sql.Time -> org.hibernate.type.TimeType@43738a82
2016-06-20 01:23:45 DEBUG BasicTypeRegistry:135 - Adding type registration timestamp -> org.hibernate.type.TimestampType@17d0685f
2016-06-20 01:23:45 DEBUG BasicTypeRegistry:135 - Adding type registration java.sql.Timestamp -> org.hibernate.type.TimestampType@17d0685f
2016-06-20 01:23:45 DEBUG BasicTypeRegistry:135 - Adding type registration java.util.Date -> org.hibernate.type.TimestampType@17d0685f
2016-06-20 01:23:45 DEBUG BasicTypeRegistry:135 - Adding type registration dbtimestamp -> org.hibernate.type.DbTimestampType@2de8284b
2016-06-20 01:23:45 DEBUG BasicTypeRegistry:135 - Adding type registration calendar -> org.hibernate.type.CalendarType@365185bd
2016-06-20 01:23:45 DEBUG BasicTypeRegistry:135 - Adding type registration java.util.Calendar -> org.hibernate.type.CalendarType@365185bd
2016-06-20 01:23:45 DEBUG BasicTypeRegistry:135 - Adding type registration java.util.GregorianCalendar -> org.hibernate.type.CalendarType@365185bd
2016-06-20 01:23:45 DEBUG BasicTypeRegistry:135 - Adding type registration calendar_date -> org.hibernate.type.CalendarDateType@42607a4f
2016-06-20 01:23:45 DEBUG BasicTypeRegistry:135 - Adding type registration locale -> org.hibernate.type.LocaleType@6ec8211c
2016-06-20 01:23:45 DEBUG BasicTypeRegistry:135 - Adding type registration java.util.Locale -> org.hibernate.type.LocaleType@6ec8211c
2016-06-20 01:23:45 DEBUG BasicTypeRegistry:135 - Adding type registration currency -> org.hibernate.type.CurrencyType@4524411f
2016-06-20 01:23:45 DEBUG BasicTypeRegistry:135 - Adding type registration java.util.Currency -> org.hibernate.type.CurrencyType@4524411f
2016-06-20 01:23:45 DEBUG BasicTypeRegistry:135 - Adding type registration timezone -> org.hibernate.type.TimeZoneType@43a0cee9
2016-06-20 01:23:45 DEBUG BasicTypeRegistry:135 - Adding type registration java.util.TimeZone -> org.hibernate.type.TimeZoneType@43a0cee9
2016-06-20 01:23:45 DEBUG BasicTypeRegistry:135 - Adding type registration class -> org.hibernate.type.ClassType@6eceb130
2016-06-20 01:23:45 DEBUG BasicTypeRegistry:135 - Adding type registration java.lang.Class -> org.hibernate.type.ClassType@6eceb130
2016-06-20 01:23:45 DEBUG BasicTypeRegistry:135 - Adding type registration uuid-binary -> org.hibernate.type.UUIDBinaryType@646007f4
2016-06-20 01:23:45 DEBUG BasicTypeRegistry:135 - Adding type registration java.util.UUID -> org.hibernate.type.UUIDBinaryType@646007f4
2016-06-20 01:23:45 DEBUG BasicTypeRegistry:135 - Adding type registration uuid-char -> org.hibernate.type.UUIDCharType@306279ee
2016-06-20 01:23:45 DEBUG BasicTypeRegistry:135 - Adding type registration binary -> org.hibernate.type.BinaryType@4c762604
2016-06-20 01:23:45 DEBUG BasicTypeRegistry:135 - Adding type registration byte[] -> org.hibernate.type.BinaryType@4c762604
2016-06-20 01:23:45 DEBUG BasicTypeRegistry:135 - Adding type registration [B -> org.hibernate.type.BinaryType@4c762604
2016-06-20 01:23:45 DEBUG BasicTypeRegistry:135 - Adding type registration wrapper-binary -> org.hibernate.type.WrapperBinaryType@24a35978
2016-06-20 01:23:45 DEBUG BasicTypeRegistry:135 - Adding type registration Byte[] -> org.hibernate.type.WrapperBinaryType@24a35978
2016-06-20 01:23:45 DEBUG BasicTypeRegistry:135 - Adding type registration [Ljava.lang.Byte; -> org.hibernate.type.WrapperBinaryType@24a35978
2016-06-20 01:23:45 DEBUG BasicTypeRegistry:135 - Adding type registration image -> org.hibernate.type.ImageType@27d415d9
2016-06-20 01:23:45 DEBUG BasicTypeRegistry:135 - Adding type registration characters -> org.hibernate.type.CharArrayType@4fcd19b3
2016-06-20 01:23:45 DEBUG BasicTypeRegistry:135 - Adding type registration char[] -> org.hibernate.type.CharArrayType@4fcd19b3
2016-06-20 01:23:45 DEBUG BasicTypeRegistry:135 - Adding type registration [C -> org.hibernate.type.CharArrayType@4fcd19b3
2016-06-20 01:23:45 DEBUG BasicTypeRegistry:135 - Adding type registration wrapper-characters -> org.hibernate.type.CharacterArrayType@17211155
2016-06-20 01:23:45 DEBUG BasicTypeRegistry:135 - Adding type registration [Ljava.lang.Character; -> org.hibernate.type.CharacterArrayType@17211155
2016-06-20 01:23:45 DEBUG BasicTypeRegistry:135 - Adding type registration Character[] -> org.hibernate.type.CharacterArrayType@17211155
2016-06-20 01:23:45 DEBUG BasicTypeRegistry:135 - Adding type registration text -> org.hibernate.type.TextType@6fb0d3ed
2016-06-20 01:23:45 DEBUG BasicTypeRegistry:135 - Adding type registration ntext -> org.hibernate.type.NTextType@24b1d79b
2016-06-20 01:23:45 DEBUG BasicTypeRegistry:135 - Adding type registration blob -> org.hibernate.type.BlobType@aecb35a
2016-06-20 01:23:45 DEBUG BasicTypeRegistry:135 - Adding type registration java.sql.Blob -> org.hibernate.type.BlobType@aecb35a
2016-06-20 01:23:45 DEBUG BasicTypeRegistry:135 - Adding type registration materialized_blob -> org.hibernate.type.MaterializedBlobType@6483f5ae
2016-06-20 01:23:45 DEBUG BasicTypeRegistry:135 - Adding type registration clob -> org.hibernate.type.ClobType@51b279c9
2016-06-20 01:23:45 DEBUG BasicTypeRegistry:135 - Adding type registration java.sql.Clob -> org.hibernate.type.ClobType@51b279c9
2016-06-20 01:23:45 DEBUG BasicTypeRegistry:135 - Adding type registration nclob -> org.hibernate.type.NClobType@f4168b8
2016-06-20 01:23:45 DEBUG BasicTypeRegistry:135 - Adding type registration java.sql.NClob -> org.hibernate.type.NClobType@f4168b8
2016-06-20 01:23:45 DEBUG BasicTypeRegistry:135 - Adding type registration materialized_clob -> org.hibernate.type.MaterializedClobType@74294adb
2016-06-20 01:23:45 DEBUG BasicTypeRegistry:135 - Adding type registration materialized_nclob -> org.hibernate.type.MaterializedNClobType@1188e820
2016-06-20 01:23:45 DEBUG BasicTypeRegistry:135 - Adding type registration serializable -> org.hibernate.type.SerializableType@276438c9
2016-06-20 01:23:45 DEBUG BasicTypeRegistry:135 - Adding type registration object -> org.hibernate.type.ObjectType@32cf48b7
2016-06-20 01:23:45 DEBUG BasicTypeRegistry:135 - Adding type registration java.lang.Object -> org.hibernate.type.ObjectType@32cf48b7
2016-06-20 01:23:45 DEBUG BasicTypeRegistry:135 - Adding type registration imm_date -> org.hibernate.type.AdaptedImmutableType@d6da883
2016-06-20 01:23:45 DEBUG BasicTypeRegistry:135 - Adding type registration imm_time -> org.hibernate.type.AdaptedImmutableType@45afc369
2016-06-20 01:23:45 DEBUG BasicTypeRegistry:135 - Adding type registration imm_timestamp -> org.hibernate.type.AdaptedImmutableType@799d4f69
2016-06-20 01:23:45 DEBUG BasicTypeRegistry:135 - Adding type registration imm_dbtimestamp -> org.hibernate.type.AdaptedImmutableType@49c43f4e
2016-06-20 01:23:45 DEBUG BasicTypeRegistry:135 - Adding type registration imm_calendar -> org.hibernate.type.AdaptedImmutableType@290dbf45
2016-06-20 01:23:45 DEBUG BasicTypeRegistry:135 - Adding type registration imm_calendar_date -> org.hibernate.type.AdaptedImmutableType@12028586
2016-06-20 01:23:45 DEBUG BasicTypeRegistry:135 - Adding type registration imm_binary -> org.hibernate.type.AdaptedImmutableType@17776a8
2016-06-20 01:23:45 DEBUG BasicTypeRegistry:135 - Adding type registration imm_serializable -> org.hibernate.type.AdaptedImmutableType@69a10787
2016-06-20 01:23:46 TRACE TypeFactory:58 - Scoping types to session factory org.hibernate.internal.SessionFactoryImpl@6bb4dd34
2016-06-20 01:23:46 DEBUG SQL:92 - alter table Cat add constraint FKdmsm4raukpdinn4xweadtg1ib foreign key (id) references Pet (id)
2016-06-20 01:23:46 DEBUG SQL:92 - alter table Dog add constraint FKga240yraopp6rmjswx5jivv58 foreign key (id) references Pet (id)
2016-06-20 01:23:47 DEBUG SQL:92 - alter table pet_2_human add constraint FKgmbtduj5xm6gn0rv70jhsetp0 foreign key (pet_id) references Pet (id)
2016-06-20 01:23:47 DEBUG SQL:92 - select next_val as id_val from hibernate_sequence for update
2016-06-20 01:23:47 DEBUG SQL:92 - update hibernate_sequence set next_val= ? where next_val=?
2016-06-20 01:23:47 DEBUG SQL:92 - select next_val as id_val from hibernate_sequence for update
2016-06-20 01:23:47 DEBUG SQL:92 - update hibernate_sequence set next_val= ? where next_val=?
2016-06-20 01:23:47 DEBUG SQL:92 - /* insert hiber.Breed */ insert into Breed (descr, name, id) values (?, ?, ?)
2016-06-20 01:23:47 TRACE BasicBinder:65 - binding parameter [1] as [VARCHAR] - [Красивый кот]
2016-06-20 01:23:47 TRACE BasicBinder:65 - binding parameter [2] as [VARCHAR] - [Перс]
2016-06-20 01:23:47 TRACE BasicBinder:65 - binding parameter [3] as [BIGINT] - [358]
2016-06-20 01:23:47 DEBUG SQL:92 - /* insert hiber.Cat */ insert into Pet (age, breed_id, name, id) values (?, ?, ?, ?)
2016-06-20 01:23:47 TRACE BasicBinder:65 - binding parameter [1] as [INTEGER] - [3]
2016-06-20 01:23:47 TRACE BasicBinder:65 - binding parameter [2] as [BIGINT] - [358]
2016-06-20 01:23:47 TRACE BasicBinder:65 - binding parameter [3] as [VARCHAR] - [Васька]
2016-06-20 01:23:47 TRACE BasicBinder:65 - binding parameter [4] as [BIGINT] - [408]
2016-06-20 01:23:47 DEBUG SQL:92 - /* insert hiber.Cat */ insert into Cat (volume, id) values (?, ?)
2016-06-20 01:23:47 TRACE BasicBinder:65 - binding parameter [1] as [DOUBLE] - [0.0]
2016-06-20 01:23:47 TRACE BasicBinder:65 - binding parameter [2] as [BIGINT] - [408]
2016-06-20 01:23:47 DEBUG SQL:92 - /* insert hiber.Cat */ insert into Pet (age, breed_id, name, id) values (?, ?, ?, ?)
2016-06-20 01:23:47 TRACE BasicBinder:65 - binding parameter [1] as [INTEGER] - [5]
2016-06-20 01:23:47 TRACE BasicBinder:65 - binding parameter [2] as [BIGINT] - [358]
2016-06-20 01:23:47 TRACE BasicBinder:65 - binding parameter [3] as [VARCHAR] - [Мурка]
2016-06-20 01:23:47 TRACE BasicBinder:65 - binding parameter [4] as [BIGINT] - [409]
2016-06-20 01:23:47 DEBUG SQL:92 - /* insert hiber.Cat */ insert into Cat (volume, id) values (?, ?)
2016-06-20 01:23:47 TRACE BasicBinder:65 - binding parameter [1] as [DOUBLE] - [1.0]
2016-06-20 01:23:47 TRACE BasicBinder:65 - binding parameter [2] as [BIGINT] - [409]
2016-06-20 01:23:47 DEBUG SQL:92 - /* insert hiber.Cat */ insert into Pet (age, breed_id, name, id) values (?, ?, ?, ?)
2016-06-20 01:23:47 TRACE BasicBinder:65 - binding parameter [1] as [INTEGER] - [2]
2016-06-20 01:23:47 TRACE BasicBinder:53 - binding parameter [2] as [BIGINT] - [null]
2016-06-20 01:23:47 TRACE BasicBinder:65 - binding parameter [3] as [VARCHAR] - [Пушок]
2016-06-20 01:23:47 TRACE BasicBinder:65 - binding parameter [4] as [BIGINT] - [410]
2016-06-20 01:23:47 DEBUG SQL:92 - /* insert hiber.Cat */ insert into Cat (volume, id) values (?, ?)
2016-06-20 01:23:47 TRACE BasicBinder:53 - binding parameter [1] as [DOUBLE] - [null]
2016-06-20 01:23:47 TRACE BasicBinder:65 - binding parameter [2] as [BIGINT] - [410]
2016-06-20 01:23:48 DEBUG SQL:92 - /* from Cat */ select cat0_.id as id1_4_, cat0_1_.age as age2_4_, cat0_1_.breed_id as breed_id4_4_, cat0_1_.name as name3_4_, cat0_.volume as volume1_1_ from Cat cat0_ inner join Pet cat0_1_ on cat0_.id=cat0_1_.id
2016-06-20 01:23:48 TRACE BasicExtractor:61 - extracted value ([id1_4_] : [BIGINT]) - [8]
2016-06-20 01:23:48 TRACE BasicExtractor:61 - extracted value ([age2_4_] : [INTEGER]) - [3]
2016-06-20 01:23:48 TRACE BasicExtractor:61 - extracted value ([breed_id4_4_] : [BIGINT]) - [-42]
2016-06-20 01:23:48 TRACE BasicExtractor:61 - extracted value ([name3_4_] : [VARCHAR]) - [Васька]
2016-06-20 01:23:48 TRACE BasicExtractor:61 - extracted value ([volume1_1_] : [DOUBLE]) - [0.0]
2016-06-20 01:23:48 TRACE BasicExtractor:61 - extracted value ([id1_4_] : [BIGINT]) - [9]
2016-06-20 01:23:48 TRACE BasicExtractor:61 - extracted value ([age2_4_] : [INTEGER]) - [5]
2016-06-20 01:23:48 TRACE BasicExtractor:61 - extracted value ([breed_id4_4_] : [BIGINT]) - [-42]
2016-06-20 01:23:48 TRACE BasicExtractor:61 - extracted value ([name3_4_] : [VARCHAR]) - [Мурка]
2016-06-20 01:23:48 TRACE BasicExtractor:61 - extracted value ([volume1_1_] : [DOUBLE]) - [1.0]
2016-06-20 01:23:48 TRACE BasicExtractor:61 - extracted value ([id1_4_] : [BIGINT]) - [10]
2016-06-20 01:23:48 TRACE BasicExtractor:61 - extracted value ([age2_4_] : [INTEGER]) - [2]
2016-06-20 01:23:48 TRACE BasicExtractor:51 - extracted value ([breed_id4_4_] : [BIGINT]) - [null]
2016-06-20 01:23:48 TRACE BasicExtractor:61 - extracted value ([name3_4_] : [VARCHAR]) - [Пушок]
2016-06-20 01:23:48 TRACE BasicExtractor:51 - extracted value ([volume1_1_] : [DOUBLE]) - [null]
2016-06-20 01:23:48 TRACE BasicExtractor:61 - extracted value ([id1_4_] : [BIGINT]) - [108]
2016-06-20 01:23:48 TRACE BasicExtractor:61 - extracted value ([age2_4_] : [INTEGER]) - [4]
2016-06-20 01:23:48 TRACE BasicExtractor:51 - extracted value ([breed_id4_4_] : [BIGINT]) - [null]
2016-06-20 01:23:48 TRACE BasicExtractor:61 - extracted value ([name3_4_] : [VARCHAR]) - [Васька]
2016-06-20 01:23:48 TRACE BasicExtractor:51 - extracted value ([volume1_1_] : [DOUBLE]) - [null]
2016-06-20 01:23:48 TRACE BasicExtractor:61 - extracted value ([id1_4_] : [BIGINT]) - [109]
2016-06-20 01:23:48 TRACE BasicExtractor:61 - extracted value ([age2_4_] : [INTEGER]) - [3]
2016-06-20 01:23:48 TRACE BasicExtractor:51 - extracted value ([breed_id4_4_] : [BIGINT]) - [null]
2016-06-20 01:23:48 TRACE BasicExtractor:61 - extracted value ([name3_4_] : [VARCHAR]) - [Мурка]
2016-06-20 01:23:48 TRACE BasicExtractor:51 - extracted value ([volume1_1_] : [DOUBLE]) - [null]
2016-06-20 01:23:48 TRACE BasicExtractor:61 - extracted value ([id1_4_] : [BIGINT]) - [110]
2016-06-20 01:23:48 TRACE BasicExtractor:61 - extracted value ([age2_4_] : [INTEGER]) - [5]
2016-06-20 01:23:48 TRACE BasicExtractor:51 - extracted value ([breed_id4_4_] : [BIGINT]) - [null]
2016-06-20 01:23:48 TRACE BasicExtractor:61 - extracted value ([name3_4_] : [VARCHAR]) - [Пушок]
2016-06-20 01:23:48 TRACE BasicExtractor:51 - extracted value ([volume1_1_] : [DOUBLE]) - [null]
2016-06-20 01:23:48 TRACE BasicExtractor:61 - extracted value ([id1_4_] : [BIGINT]) - [158]
2016-06-20 01:23:48 TRACE BasicExtractor:61 - extracted value ([age2_4_] : [INTEGER]) - [4]
2016-06-20 01:23:48 TRACE BasicExtractor:51 - extracted value ([breed_id4_4_] : [BIGINT]) - [null]
2016-06-20 01:23:48 TRACE BasicExtractor:61 - extracted value ([name3_4_] : [VARCHAR]) - [Васька]
2016-06-20 01:23:48 TRACE BasicExtractor:51 - extracted value ([volume1_1_] : [DOUBLE]) - [null]
2016-06-20 01:23:48 TRACE BasicExtractor:61 - extracted value ([id1_4_] : [BIGINT]) - [159]
2016-06-20 01:23:48 TRACE BasicExtractor:61 - extracted value ([age2_4_] : [INTEGER]) - [3]
2016-06-20 01:23:48 TRACE BasicExtractor:51 - extracted value ([breed_id4_4_] : [BIGINT]) - [null]
2016-06-20 01:23:48 TRACE BasicExtractor:61 - extracted value ([name3_4_] : [VARCHAR]) - [Мурка]
2016-06-20 01:23:48 TRACE BasicExtractor:51 - extracted value ([volume1_1_] : [DOUBLE]) - [null]
2016-06-20 01:23:48 TRACE BasicExtractor:61 - extracted value ([id1_4_] : [BIGINT]) - [160]
2016-06-20 01:23:48 TRACE BasicExtractor:61 - extracted value ([age2_4_] : [INTEGER]) - [5]
2016-06-20 01:23:48 TRACE BasicExtractor:51 - extracted value ([breed_id4_4_] : [BIGINT]) - [null]
2016-06-20 01:23:48 TRACE BasicExtractor:61 - extracted value ([name3_4_] : [VARCHAR]) - [Пушок]
2016-06-20 01:23:48 TRACE BasicExtractor:51 - extracted value ([volume1_1_] : [DOUBLE]) - [null]
2016-06-20 01:23:48 TRACE BasicExtractor:61 - extracted value ([id1_4_] : [BIGINT]) - [258]
2016-06-20 01:23:48 TRACE BasicExtractor:61 - extracted value ([age2_4_] : [INTEGER]) - [3]
2016-06-20 01:23:48 TRACE BasicExtractor:61 - extracted value ([breed_id4_4_] : [BIGINT]) - [208]
2016-06-20 01:23:48 TRACE BasicExtractor:61 - extracted value ([name3_4_] : [VARCHAR]) - [Васька]
2016-06-20 01:23:48 TRACE BasicExtractor:61 - extracted value ([volume1_1_] : [DOUBLE]) - [0.0]
2016-06-20 01:23:48 TRACE BasicExtractor:61 - extracted value ([id1_4_] : [BIGINT]) - [259]
2016-06-20 01:23:48 TRACE BasicExtractor:61 - extracted value ([age2_4_] : [INTEGER]) - [5]
2016-06-20 01:23:48 TRACE BasicExtractor:61 - extracted value ([breed_id4_4_] : [BIGINT]) - [208]
2016-06-20 01:23:48 TRACE BasicExtractor:61 - extracted value ([name3_4_] : [VARCHAR]) - [Мурка]
2016-06-20 01:23:48 TRACE BasicExtractor:61 - extracted value ([volume1_1_] : [DOUBLE]) - [1.0]
2016-06-20 01:23:48 TRACE BasicExtractor:61 - extracted value ([id1_4_] : [BIGINT]) - [260]
2016-06-20 01:23:48 TRACE BasicExtractor:61 - extracted value ([age2_4_] : [INTEGER]) - [2]
2016-06-20 01:23:48 TRACE BasicExtractor:51 - extracted value ([breed_id4_4_] : [BIGINT]) - [null]
2016-06-20 01:23:48 TRACE BasicExtractor:61 - extracted value ([name3_4_] : [VARCHAR]) - [Пушок]
2016-06-20 01:23:48 TRACE BasicExtractor:51 - extracted value ([volume1_1_] : [DOUBLE]) - [null]
2016-06-20 01:23:48 TRACE BasicExtractor:61 - extracted value ([id1_4_] : [BIGINT]) - [408]
2016-06-20 01:23:48 TRACE BasicExtractor:61 - extracted value ([age2_4_] : [INTEGER]) - [3]
2016-06-20 01:23:48 TRACE BasicExtractor:61 - extracted value ([breed_id4_4_] : [BIGINT]) - [358]
2016-06-20 01:23:48 TRACE BasicExtractor:61 - extracted value ([name3_4_] : [VARCHAR]) - [Васька]
2016-06-20 01:23:48 TRACE BasicExtractor:61 - extracted value ([volume1_1_] : [DOUBLE]) - [0.0]
2016-06-20 01:23:48 TRACE BasicExtractor:61 - extracted value ([id1_4_] : [BIGINT]) - [409]
2016-06-20 01:23:48 TRACE BasicExtractor:61 - extracted value ([age2_4_] : [INTEGER]) - [5]
2016-06-20 01:23:48 TRACE BasicExtractor:61 - extracted value ([breed_id4_4_] : [BIGINT]) - [358]
2016-06-20 01:23:48 TRACE BasicExtractor:61 - extracted value ([name3_4_] : [VARCHAR]) - [Мурка]
2016-06-20 01:23:48 TRACE BasicExtractor:61 - extracted value ([volume1_1_] : [DOUBLE]) - [1.0]
2016-06-20 01:23:48 TRACE BasicExtractor:61 - extracted value ([id1_4_] : [BIGINT]) - [410]
2016-06-20 01:23:48 TRACE BasicExtractor:61 - extracted value ([age2_4_] : [INTEGER]) - [2]
2016-06-20 01:23:48 TRACE BasicExtractor:51 - extracted value ([breed_id4_4_] : [BIGINT]) - [null]
2016-06-20 01:23:48 TRACE BasicExtractor:61 - extracted value ([name3_4_] : [VARCHAR]) - [Пушок]
2016-06-20 01:23:48 TRACE BasicExtractor:51 - extracted value ([volume1_1_] : [DOUBLE]) - [null]
2016-06-20 01:23:48 DEBUG SQL:92 - select breed0_.id as id1_0_0_, breed0_.descr as descr2_0_0_, breed0_.name as name3_0_0_ from Breed breed0_ where breed0_.id=?
2016-06-20 01:23:48 TRACE BasicBinder:65 - binding parameter [1] as [BIGINT] - [-42]
2016-06-20 01:23:48 TRACE BasicExtractor:61 - extracted value ([descr2_0_0_] : [VARCHAR]) - [Красивый кот]
2016-06-20 01:23:48 TRACE BasicExtractor:61 - extracted value ([name3_0_0_] : [VARCHAR]) - [Перс]
2016-06-20 01:23:48 TRACE CollectionType:756 - Created collection wrapper: [hiber.Breed.pets#-42]
2016-06-20 01:23:48 TRACE CollectionType:756 - Created collection wrapper: [hiber.Pet.humans#8]
2016-06-20 01:23:48 TRACE CollectionType:756 - Created collection wrapper: [hiber.Pet.humans#9]
2016-06-20 01:23:48 TRACE CollectionType:756 - Created collection wrapper: [hiber.Pet.humans#10]
2016-06-20 01:23:48 TRACE CollectionType:756 - Created collection wrapper: [hiber.Pet.humans#108]
2016-06-20 01:23:48 TRACE CollectionType:756 - Created collection wrapper: [hiber.Pet.humans#109]
2016-06-20 01:23:48 TRACE CollectionType:756 - Created collection wrapper: [hiber.Pet.humans#110]
2016-06-20 01:23:48 TRACE CollectionType:756 - Created collection wrapper: [hiber.Pet.humans#158]
2016-06-20 01:23:48 TRACE CollectionType:756 - Created collection wrapper: [hiber.Pet.humans#159]
2016-06-20 01:23:48 TRACE CollectionType:756 - Created collection wrapper: [hiber.Pet.humans#160]
2016-06-20 01:23:48 DEBUG SQL:92 - select breed0_.id as id1_0_0_, breed0_.descr as descr2_0_0_, breed0_.name as name3_0_0_ from Breed breed0_ where breed0_.id=?
2016-06-20 01:23:48 TRACE BasicBinder:65 - binding parameter [1] as [BIGINT] - [208]
2016-06-20 01:23:48 TRACE BasicExtractor:61 - extracted value ([descr2_0_0_] : [VARCHAR]) - [Красивый кот]
2016-06-20 01:23:48 TRACE BasicExtractor:61 - extracted value ([name3_0_0_] : [VARCHAR]) - [Перс]
2016-06-20 01:23:48 TRACE CollectionType:756 - Created collection wrapper: [hiber.Breed.pets#208]
2016-06-20 01:23:48 TRACE CollectionType:756 - Created collection wrapper: [hiber.Pet.humans#258]
2016-06-20 01:23:48 TRACE CollectionType:756 - Created collection wrapper: [hiber.Pet.humans#259]
2016-06-20 01:23:48 TRACE CollectionType:756 - Created collection wrapper: [hiber.Pet.humans#260]
2016-06-20 01:23:48 DEBUG SQL:92 - select breed0_.id as id1_0_0_, breed0_.descr as descr2_0_0_, breed0_.name as name3_0_0_ from Breed breed0_ where breed0_.id=?
2016-06-20 01:23:48 TRACE BasicBinder:65 - binding parameter [1] as [BIGINT] - [358]
2016-06-20 01:23:48 TRACE BasicExtractor:61 - extracted value ([descr2_0_0_] : [VARCHAR]) - [Красивый кот]
2016-06-20 01:23:48 TRACE BasicExtractor:61 - extracted value ([name3_0_0_] : [VARCHAR]) - [Перс]
2016-06-20 01:23:48 TRACE CollectionType:756 - Created collection wrapper: [hiber.Breed.pets#358]
2016-06-20 01:23:48 TRACE CollectionType:756 - Created collection wrapper: [hiber.Pet.humans#408]
2016-06-20 01:23:48 TRACE CollectionType:756 - Created collection wrapper: [hiber.Pet.humans#409]
2016-06-20 01:23:48 TRACE CollectionType:756 - Created collection wrapper: [hiber.Pet.humans#410]
2016-06-20 01:23:48 INFO  Main:138 - CAT: 8 Васька 3 Перс
2016-06-20 01:23:48 INFO  Main:138 - CAT: 9 Мурка 5 Перс
2016-06-20 01:23:48 INFO  Main:138 - CAT: 10 Пушок 2 -
2016-06-20 01:23:48 INFO  Main:138 - CAT: 108 Васька 4 -
2016-06-20 01:23:48 INFO  Main:138 - CAT: 109 Мурка 3 -
2016-06-20 01:23:48 INFO  Main:138 - CAT: 110 Пушок 5 -
2016-06-20 01:23:48 INFO  Main:138 - CAT: 158 Васька 4 -
2016-06-20 01:23:48 INFO  Main:138 - CAT: 159 Мурка 3 -
2016-06-20 01:23:48 INFO  Main:138 - CAT: 160 Пушок 5 -
2016-06-20 01:23:48 INFO  Main:138 - CAT: 258 Васька 3 Перс
2016-06-20 01:23:48 INFO  Main:138 - CAT: 259 Мурка 5 Перс
2016-06-20 01:23:48 INFO  Main:138 - CAT: 260 Пушок 2 -
2016-06-20 01:23:48 INFO  Main:138 - CAT: 408 Васька 3 Перс
2016-06-20 01:23:48 INFO  Main:138 - CAT: 409 Мурка 5 Перс
2016-06-20 01:23:48 INFO  Main:138 - CAT: 410 Пушок 2 -
2016-06-20 01:23:48 DEBUG SQL:92 - /* from Breed */ select breed0_.id as id1_0_, breed0_.descr as descr2_0_, breed0_.name as name3_0_ from Breed breed0_
2016-06-20 01:23:48 TRACE BasicExtractor:61 - extracted value ([id1_0_] : [BIGINT]) - [-42]
2016-06-20 01:23:48 TRACE BasicExtractor:61 - extracted value ([descr2_0_] : [VARCHAR]) - [Красивый кот]
2016-06-20 01:23:48 TRACE BasicExtractor:61 - extracted value ([name3_0_] : [VARCHAR]) - [Перс]
2016-06-20 01:23:48 TRACE BasicExtractor:61 - extracted value ([id1_0_] : [BIGINT]) - [-41]
2016-06-20 01:23:48 TRACE BasicExtractor:51 - extracted value ([descr2_0_] : [VARCHAR]) - [null]
2016-06-20 01:23:48 TRACE BasicExtractor:61 - extracted value ([name3_0_] : [VARCHAR]) - [Немецкая овчарка]
2016-06-20 01:23:48 TRACE BasicExtractor:61 - extracted value ([id1_0_] : [BIGINT]) - [208]
2016-06-20 01:23:48 TRACE BasicExtractor:61 - extracted value ([descr2_0_] : [VARCHAR]) - [Красивый кот]
2016-06-20 01:23:48 TRACE BasicExtractor:61 - extracted value ([name3_0_] : [VARCHAR]) - [Перс]
2016-06-20 01:23:48 TRACE BasicExtractor:61 - extracted value ([id1_0_] : [BIGINT]) - [358]
2016-06-20 01:23:48 TRACE BasicExtractor:61 - extracted value ([descr2_0_] : [VARCHAR]) - [Красивый кот]
2016-06-20 01:23:48 TRACE BasicExtractor:61 - extracted value ([name3_0_] : [VARCHAR]) - [Перс]
2016-06-20 01:23:48 TRACE CollectionType:756 - Created collection wrapper: [hiber.Breed.pets#-42]
2016-06-20 01:23:48 TRACE CollectionType:756 - Created collection wrapper: [hiber.Breed.pets#-41]
2016-06-20 01:23:48 TRACE CollectionType:756 - Created collection wrapper: [hiber.Breed.pets#208]
2016-06-20 01:23:48 TRACE CollectionType:756 - Created collection wrapper: [hiber.Breed.pets#358]
2016-06-20 01:23:48 INFO  Main:147 - BREED: -42 Перс
2016-06-20 01:23:48 DEBUG SQL:92 - select pets0_.breed_id as breed_id4_4_0_, pets0_.id as id1_4_0_, pets0_.id as id1_4_1_, pets0_.age as age2_4_1_, pets0_.breed_id as breed_id4_4_1_, pets0_.name as name3_4_1_, pets0_1_.volume as volume1_1_1_, pets0_2_.trained as trained1_2_1_, case when pets0_1_.id is not null then 1 when pets0_2_.id is not null then 2 when pets0_.id is not null then 0 end as clazz_1_ from Pet pets0_ left outer join Cat pets0_1_ on pets0_.id=pets0_1_.id left outer join Dog pets0_2_ on pets0_.id=pets0_2_.id where pets0_.breed_id=?
2016-06-20 01:23:48 TRACE BasicBinder:65 - binding parameter [1] as [BIGINT] - [-42]
2016-06-20 01:23:48 TRACE BasicExtractor:61 - extracted value ([id1_4_1_] : [BIGINT]) - [8]
2016-06-20 01:23:48 TRACE BasicExtractor:61 - extracted value ([clazz_1_] : [INTEGER]) - [1]
2016-06-20 01:23:48 TRACE BasicExtractor:61 - extracted value ([age2_4_1_] : [INTEGER]) - [3]
2016-06-20 01:23:48 TRACE BasicExtractor:61 - extracted value ([breed_id4_4_1_] : [BIGINT]) - [-42]
2016-06-20 01:23:48 TRACE BasicExtractor:61 - extracted value ([name3_4_1_] : [VARCHAR]) - [Васька]
2016-06-20 01:23:48 TRACE BasicExtractor:61 - extracted value ([volume1_1_1_] : [DOUBLE]) - [0.0]
2016-06-20 01:23:48 TRACE BasicExtractor:61 - extracted value ([breed_id4_4_0_] : [BIGINT]) - [-42]
2016-06-20 01:23:48 TRACE BasicExtractor:61 - extracted value ([id1_4_0_] : [BIGINT]) - [8]
2016-06-20 01:23:48 TRACE BasicExtractor:61 - extracted value ([id1_4_1_] : [BIGINT]) - [9]
2016-06-20 01:23:48 TRACE BasicExtractor:61 - extracted value ([clazz_1_] : [INTEGER]) - [1]
2016-06-20 01:23:48 TRACE BasicExtractor:61 - extracted value ([age2_4_1_] : [INTEGER]) - [5]
2016-06-20 01:23:48 TRACE BasicExtractor:61 - extracted value ([breed_id4_4_1_] : [BIGINT]) - [-42]
2016-06-20 01:23:48 TRACE BasicExtractor:61 - extracted value ([name3_4_1_] : [VARCHAR]) - [Мурка]
2016-06-20 01:23:48 TRACE BasicExtractor:61 - extracted value ([volume1_1_1_] : [DOUBLE]) - [1.0]
2016-06-20 01:23:48 TRACE BasicExtractor:61 - extracted value ([breed_id4_4_0_] : [BIGINT]) - [-42]
2016-06-20 01:23:48 TRACE BasicExtractor:61 - extracted value ([id1_4_0_] : [BIGINT]) - [9]
2016-06-20 01:23:48 TRACE CollectionType:756 - Created collection wrapper: [hiber.Pet.humans#8]
2016-06-20 01:23:48 TRACE CollectionType:756 - Created collection wrapper: [hiber.Pet.humans#9]
2016-06-20 01:23:48 INFO  Main:149 -   CAT: 9 Мурка 5
2016-06-20 01:23:48 INFO  Main:149 -   CAT: 8 Васька 3
2016-06-20 01:23:48 INFO  Main:147 - BREED: -41 Немецкая овчарка
2016-06-20 01:23:48 DEBUG SQL:92 - select pets0_.breed_id as breed_id4_4_0_, pets0_.id as id1_4_0_, pets0_.id as id1_4_1_, pets0_.age as age2_4_1_, pets0_.breed_id as breed_id4_4_1_, pets0_.name as name3_4_1_, pets0_1_.volume as volume1_1_1_, pets0_2_.trained as trained1_2_1_, case when pets0_1_.id is not null then 1 when pets0_2_.id is not null then 2 when pets0_.id is not null then 0 end as clazz_1_ from Pet pets0_ left outer join Cat pets0_1_ on pets0_.id=pets0_1_.id left outer join Dog pets0_2_ on pets0_.id=pets0_2_.id where pets0_.breed_id=?
2016-06-20 01:23:48 TRACE BasicBinder:65 - binding parameter [1] as [BIGINT] - [-41]
2016-06-20 01:23:48 TRACE BasicExtractor:61 - extracted value ([id1_4_1_] : [BIGINT]) - [11]
2016-06-20 01:23:48 TRACE BasicExtractor:61 - extracted value ([clazz_1_] : [INTEGER]) - [2]
2016-06-20 01:23:48 TRACE BasicExtractor:61 - extracted value ([age2_4_1_] : [INTEGER]) - [6]
2016-06-20 01:23:48 TRACE BasicExtractor:61 - extracted value ([breed_id4_4_1_] : [BIGINT]) - [-41]
2016-06-20 01:23:48 TRACE BasicExtractor:61 - extracted value ([name3_4_1_] : [VARCHAR]) - [Рекс]
2016-06-20 01:23:48 TRACE BasicExtractor:61 - extracted value ([trained1_2_1_] : [BOOLEAN]) - [true]
2016-06-20 01:23:48 TRACE BasicExtractor:61 - extracted value ([breed_id4_4_0_] : [BIGINT]) - [-41]
2016-06-20 01:23:48 TRACE BasicExtractor:61 - extracted value ([id1_4_0_] : [BIGINT]) - [11]
2016-06-20 01:23:48 TRACE CollectionType:756 - Created collection wrapper: [hiber.Pet.humans#11]
2016-06-20 01:23:48 INFO  Main:149 -   CAT: 11 Рекс 6
2016-06-20 01:23:48 INFO  Main:147 - BREED: 208 Перс
2016-06-20 01:23:48 DEBUG SQL:92 - select pets0_.breed_id as breed_id4_4_0_, pets0_.id as id1_4_0_, pets0_.id as id1_4_1_, pets0_.age as age2_4_1_, pets0_.breed_id as breed_id4_4_1_, pets0_.name as name3_4_1_, pets0_1_.volume as volume1_1_1_, pets0_2_.trained as trained1_2_1_, case when pets0_1_.id is not null then 1 when pets0_2_.id is not null then 2 when pets0_.id is not null then 0 end as clazz_1_ from Pet pets0_ left outer join Cat pets0_1_ on pets0_.id=pets0_1_.id left outer join Dog pets0_2_ on pets0_.id=pets0_2_.id where pets0_.breed_id=?
2016-06-20 01:23:48 TRACE BasicBinder:65 - binding parameter [1] as [BIGINT] - [208]
2016-06-20 01:23:48 TRACE BasicExtractor:61 - extracted value ([id1_4_1_] : [BIGINT]) - [258]
2016-06-20 01:23:48 TRACE BasicExtractor:61 - extracted value ([clazz_1_] : [INTEGER]) - [1]
2016-06-20 01:23:48 TRACE BasicExtractor:61 - extracted value ([age2_4_1_] : [INTEGER]) - [3]
2016-06-20 01:23:48 TRACE BasicExtractor:61 - extracted value ([breed_id4_4_1_] : [BIGINT]) - [208]
2016-06-20 01:23:48 TRACE BasicExtractor:61 - extracted value ([name3_4_1_] : [VARCHAR]) - [Васька]
2016-06-20 01:23:48 TRACE BasicExtractor:61 - extracted value ([volume1_1_1_] : [DOUBLE]) - [0.0]
2016-06-20 01:23:48 TRACE BasicExtractor:61 - extracted value ([breed_id4_4_0_] : [BIGINT]) - [208]
2016-06-20 01:23:48 TRACE BasicExtractor:61 - extracted value ([id1_4_0_] : [BIGINT]) - [258]
2016-06-20 01:23:48 TRACE BasicExtractor:61 - extracted value ([id1_4_1_] : [BIGINT]) - [259]
2016-06-20 01:23:48 TRACE BasicExtractor:61 - extracted value ([clazz_1_] : [INTEGER]) - [1]
2016-06-20 01:23:48 TRACE BasicExtractor:61 - extracted value ([age2_4_1_] : [INTEGER]) - [5]
2016-06-20 01:23:48 TRACE BasicExtractor:61 - extracted value ([breed_id4_4_1_] : [BIGINT]) - [208]
2016-06-20 01:23:48 TRACE BasicExtractor:61 - extracted value ([name3_4_1_] : [VARCHAR]) - [Мурка]
2016-06-20 01:23:48 TRACE BasicExtractor:61 - extracted value ([volume1_1_1_] : [DOUBLE]) - [1.0]
2016-06-20 01:23:48 TRACE BasicExtractor:61 - extracted value ([breed_id4_4_0_] : [BIGINT]) - [208]
2016-06-20 01:23:48 TRACE BasicExtractor:61 - extracted value ([id1_4_0_] : [BIGINT]) - [259]
2016-06-20 01:23:48 TRACE CollectionType:756 - Created collection wrapper: [hiber.Pet.humans#258]
2016-06-20 01:23:48 TRACE CollectionType:756 - Created collection wrapper: [hiber.Pet.humans#259]
2016-06-20 01:23:48 INFO  Main:149 -   CAT: 259 Мурка 5
2016-06-20 01:23:48 INFO  Main:149 -   CAT: 258 Васька 3
2016-06-20 01:23:48 INFO  Main:147 - BREED: 358 Перс
2016-06-20 01:23:48 DEBUG SQL:92 - select pets0_.breed_id as breed_id4_4_0_, pets0_.id as id1_4_0_, pets0_.id as id1_4_1_, pets0_.age as age2_4_1_, pets0_.breed_id as breed_id4_4_1_, pets0_.name as name3_4_1_, pets0_1_.volume as volume1_1_1_, pets0_2_.trained as trained1_2_1_, case when pets0_1_.id is not null then 1 when pets0_2_.id is not null then 2 when pets0_.id is not null then 0 end as clazz_1_ from Pet pets0_ left outer join Cat pets0_1_ on pets0_.id=pets0_1_.id left outer join Dog pets0_2_ on pets0_.id=pets0_2_.id where pets0_.breed_id=?
2016-06-20 01:23:48 TRACE BasicBinder:65 - binding parameter [1] as [BIGINT] - [358]
2016-06-20 01:23:48 TRACE BasicExtractor:61 - extracted value ([id1_4_1_] : [BIGINT]) - [408]
2016-06-20 01:23:48 TRACE BasicExtractor:61 - extracted value ([clazz_1_] : [INTEGER]) - [1]
2016-06-20 01:23:48 TRACE BasicExtractor:61 - extracted value ([age2_4_1_] : [INTEGER]) - [3]
2016-06-20 01:23:48 TRACE BasicExtractor:61 - extracted value ([breed_id4_4_1_] : [BIGINT]) - [358]
2016-06-20 01:23:48 TRACE BasicExtractor:61 - extracted value ([name3_4_1_] : [VARCHAR]) - [Васька]
2016-06-20 01:23:48 TRACE BasicExtractor:61 - extracted value ([volume1_1_1_] : [DOUBLE]) - [0.0]
2016-06-20 01:23:48 TRACE BasicExtractor:61 - extracted value ([breed_id4_4_0_] : [BIGINT]) - [358]
2016-06-20 01:23:48 TRACE BasicExtractor:61 - extracted value ([id1_4_0_] : [BIGINT]) - [408]
2016-06-20 01:23:48 TRACE BasicExtractor:61 - extracted value ([id1_4_1_] : [BIGINT]) - [409]
2016-06-20 01:23:48 TRACE BasicExtractor:61 - extracted value ([clazz_1_] : [INTEGER]) - [1]
2016-06-20 01:23:48 TRACE BasicExtractor:61 - extracted value ([age2_4_1_] : [INTEGER]) - [5]
2016-06-20 01:23:48 TRACE BasicExtractor:61 - extracted value ([breed_id4_4_1_] : [BIGINT]) - [358]
2016-06-20 01:23:48 TRACE BasicExtractor:61 - extracted value ([name3_4_1_] : [VARCHAR]) - [Мурка]
2016-06-20 01:23:48 TRACE BasicExtractor:61 - extracted value ([volume1_1_1_] : [DOUBLE]) - [1.0]
2016-06-20 01:23:48 TRACE BasicExtractor:61 - extracted value ([breed_id4_4_0_] : [BIGINT]) - [358]
2016-06-20 01:23:48 TRACE BasicExtractor:61 - extracted value ([id1_4_0_] : [BIGINT]) - [409]
2016-06-20 01:23:48 TRACE CollectionType:756 - Created collection wrapper: [hiber.Pet.humans#408]
2016-06-20 01:23:48 TRACE CollectionType:756 - Created collection wrapper: [hiber.Pet.humans#409]
2016-06-20 01:23:48 INFO  Main:149 -   CAT: 409 Мурка 5
2016-06-20 01:23:48 INFO  Main:149 -   CAT: 408 Васька 3
2016-06-20 01:23:48 DEBUG SQL:92 - /* from Cat */ select cat0_.id as id1_4_, cat0_1_.age as age2_4_, cat0_1_.breed_id as breed_id4_4_, cat0_1_.name as name3_4_, cat0_.volume as volume1_1_ from Cat cat0_ inner join Pet cat0_1_ on cat0_.id=cat0_1_.id
2016-06-20 01:23:48 TRACE BasicExtractor:61 - extracted value ([id1_4_] : [BIGINT]) - [8]
2016-06-20 01:23:48 TRACE BasicExtractor:61 - extracted value ([age2_4_] : [INTEGER]) - [3]
2016-06-20 01:23:48 TRACE BasicExtractor:61 - extracted value ([breed_id4_4_] : [BIGINT]) - [-42]
2016-06-20 01:23:48 TRACE BasicExtractor:61 - extracted value ([name3_4_] : [VARCHAR]) - [Васька]
2016-06-20 01:23:48 TRACE BasicExtractor:61 - extracted value ([volume1_1_] : [DOUBLE]) - [0.0]
2016-06-20 01:23:48 TRACE BasicExtractor:61 - extracted value ([id1_4_] : [BIGINT]) - [9]
2016-06-20 01:23:48 TRACE BasicExtractor:61 - extracted value ([age2_4_] : [INTEGER]) - [5]
2016-06-20 01:23:48 TRACE BasicExtractor:61 - extracted value ([breed_id4_4_] : [BIGINT]) - [-42]
2016-06-20 01:23:48 TRACE BasicExtractor:61 - extracted value ([name3_4_] : [VARCHAR]) - [Мурка]
2016-06-20 01:23:48 TRACE BasicExtractor:61 - extracted value ([volume1_1_] : [DOUBLE]) - [1.0]
2016-06-20 01:23:48 TRACE BasicExtractor:61 - extracted value ([id1_4_] : [BIGINT]) - [10]
2016-06-20 01:23:48 TRACE BasicExtractor:61 - extracted value ([age2_4_] : [INTEGER]) - [2]
2016-06-20 01:23:48 TRACE BasicExtractor:51 - extracted value ([breed_id4_4_] : [BIGINT]) - [null]
2016-06-20 01:23:48 TRACE BasicExtractor:61 - extracted value ([name3_4_] : [VARCHAR]) - [Пушок]
2016-06-20 01:23:48 TRACE BasicExtractor:51 - extracted value ([volume1_1_] : [DOUBLE]) - [null]
2016-06-20 01:23:48 TRACE BasicExtractor:61 - extracted value ([id1_4_] : [BIGINT]) - [108]
2016-06-20 01:23:48 TRACE BasicExtractor:61 - extracted value ([age2_4_] : [INTEGER]) - [4]
2016-06-20 01:23:48 TRACE BasicExtractor:51 - extracted value ([breed_id4_4_] : [BIGINT]) - [null]
2016-06-20 01:23:48 TRACE BasicExtractor:61 - extracted value ([name3_4_] : [VARCHAR]) - [Васька]
2016-06-20 01:23:48 TRACE BasicExtractor:51 - extracted value ([volume1_1_] : [DOUBLE]) - [null]
2016-06-20 01:23:48 TRACE BasicExtractor:61 - extracted value ([id1_4_] : [BIGINT]) - [109]
2016-06-20 01:23:48 TRACE BasicExtractor:61 - extracted value ([age2_4_] : [INTEGER]) - [3]
2016-06-20 01:23:48 TRACE BasicExtractor:51 - extracted value ([breed_id4_4_] : [BIGINT]) - [null]
2016-06-20 01:23:48 TRACE BasicExtractor:61 - extracted value ([name3_4_] : [VARCHAR]) - [Мурка]
2016-06-20 01:23:48 TRACE BasicExtractor:51 - extracted value ([volume1_1_] : [DOUBLE]) - [null]
2016-06-20 01:23:48 TRACE BasicExtractor:61 - extracted value ([id1_4_] : [BIGINT]) - [110]
2016-06-20 01:23:48 TRACE BasicExtractor:61 - extracted value ([age2_4_] : [INTEGER]) - [5]
2016-06-20 01:23:48 TRACE BasicExtractor:51 - extracted value ([breed_id4_4_] : [BIGINT]) - [null]
2016-06-20 01:23:48 TRACE BasicExtractor:61 - extracted value ([name3_4_] : [VARCHAR]) - [Пушок]
2016-06-20 01:23:48 TRACE BasicExtractor:51 - extracted value ([volume1_1_] : [DOUBLE]) - [null]
2016-06-20 01:23:48 TRACE BasicExtractor:61 - extracted value ([id1_4_] : [BIGINT]) - [158]
2016-06-20 01:23:48 TRACE BasicExtractor:61 - extracted value ([age2_4_] : [INTEGER]) - [4]
2016-06-20 01:23:48 TRACE BasicExtractor:51 - extracted value ([breed_id4_4_] : [BIGINT]) - [null]
2016-06-20 01:23:48 TRACE BasicExtractor:61 - extracted value ([name3_4_] : [VARCHAR]) - [Васька]
2016-06-20 01:23:48 TRACE BasicExtractor:51 - extracted value ([volume1_1_] : [DOUBLE]) - [null]
2016-06-20 01:23:48 TRACE BasicExtractor:61 - extracted value ([id1_4_] : [BIGINT]) - [159]
2016-06-20 01:23:48 TRACE BasicExtractor:61 - extracted value ([age2_4_] : [INTEGER]) - [3]
2016-06-20 01:23:48 TRACE BasicExtractor:51 - extracted value ([breed_id4_4_] : [BIGINT]) - [null]
2016-06-20 01:23:48 TRACE BasicExtractor:61 - extracted value ([name3_4_] : [VARCHAR]) - [Мурка]
2016-06-20 01:23:48 TRACE BasicExtractor:51 - extracted value ([volume1_1_] : [DOUBLE]) - [null]
2016-06-20 01:23:48 TRACE BasicExtractor:61 - extracted value ([id1_4_] : [BIGINT]) - [160]
2016-06-20 01:23:48 TRACE BasicExtractor:61 - extracted value ([age2_4_] : [INTEGER]) - [5]
2016-06-20 01:23:48 TRACE BasicExtractor:51 - extracted value ([breed_id4_4_] : [BIGINT]) - [null]
2016-06-20 01:23:48 TRACE BasicExtractor:61 - extracted value ([name3_4_] : [VARCHAR]) - [Пушок]
2016-06-20 01:23:48 TRACE BasicExtractor:51 - extracted value ([volume1_1_] : [DOUBLE]) - [null]
2016-06-20 01:23:48 TRACE BasicExtractor:61 - extracted value ([id1_4_] : [BIGINT]) - [258]
2016-06-20 01:23:48 TRACE BasicExtractor:61 - extracted value ([age2_4_] : [INTEGER]) - [3]
2016-06-20 01:23:48 TRACE BasicExtractor:61 - extracted value ([breed_id4_4_] : [BIGINT]) - [208]
2016-06-20 01:23:48 TRACE BasicExtractor:61 - extracted value ([name3_4_] : [VARCHAR]) - [Васька]
2016-06-20 01:23:48 TRACE BasicExtractor:61 - extracted value ([volume1_1_] : [DOUBLE]) - [0.0]
2016-06-20 01:23:48 TRACE BasicExtractor:61 - extracted value ([id1_4_] : [BIGINT]) - [259]
2016-06-20 01:23:48 TRACE BasicExtractor:61 - extracted value ([age2_4_] : [INTEGER]) - [5]
2016-06-20 01:23:48 TRACE BasicExtractor:61 - extracted value ([breed_id4_4_] : [BIGINT]) - [208]
2016-06-20 01:23:48 TRACE BasicExtractor:61 - extracted value ([name3_4_] : [VARCHAR]) - [Мурка]
2016-06-20 01:23:48 TRACE BasicExtractor:61 - extracted value ([volume1_1_] : [DOUBLE]) - [1.0]
2016-06-20 01:23:48 TRACE BasicExtractor:61 - extracted value ([id1_4_] : [BIGINT]) - [260]
2016-06-20 01:23:48 TRACE BasicExtractor:61 - extracted value ([age2_4_] : [INTEGER]) - [2]
2016-06-20 01:23:48 TRACE BasicExtractor:51 - extracted value ([breed_id4_4_] : [BIGINT]) - [null]
2016-06-20 01:23:48 TRACE BasicExtractor:61 - extracted value ([name3_4_] : [VARCHAR]) - [Пушок]
2016-06-20 01:23:48 TRACE BasicExtractor:51 - extracted value ([volume1_1_] : [DOUBLE]) - [null]
2016-06-20 01:23:48 TRACE BasicExtractor:61 - extracted value ([id1_4_] : [BIGINT]) - [408]
2016-06-20 01:23:48 TRACE BasicExtractor:61 - extracted value ([age2_4_] : [INTEGER]) - [3]
2016-06-20 01:23:48 TRACE BasicExtractor:61 - extracted value ([breed_id4_4_] : [BIGINT]) - [358]
2016-06-20 01:23:48 TRACE BasicExtractor:61 - extracted value ([name3_4_] : [VARCHAR]) - [Васька]
2016-06-20 01:23:48 TRACE BasicExtractor:61 - extracted value ([volume1_1_] : [DOUBLE]) - [0.0]
2016-06-20 01:23:48 TRACE BasicExtractor:61 - extracted value ([id1_4_] : [BIGINT]) - [409]
2016-06-20 01:23:48 TRACE BasicExtractor:61 - extracted value ([age2_4_] : [INTEGER]) - [5]
2016-06-20 01:23:48 TRACE BasicExtractor:61 - extracted value ([breed_id4_4_] : [BIGINT]) - [358]
2016-06-20 01:23:48 TRACE BasicExtractor:61 - extracted value ([name3_4_] : [VARCHAR]) - [Мурка]
2016-06-20 01:23:48 TRACE BasicExtractor:61 - extracted value ([volume1_1_] : [DOUBLE]) - [1.0]
2016-06-20 01:23:48 TRACE BasicExtractor:61 - extracted value ([id1_4_] : [BIGINT]) - [410]
2016-06-20 01:23:48 TRACE BasicExtractor:61 - extracted value ([age2_4_] : [INTEGER]) - [2]
2016-06-20 01:23:48 TRACE BasicExtractor:51 - extracted value ([breed_id4_4_] : [BIGINT]) - [null]
2016-06-20 01:23:48 TRACE BasicExtractor:61 - extracted value ([name3_4_] : [VARCHAR]) - [Пушок]
2016-06-20 01:23:48 TRACE BasicExtractor:51 - extracted value ([volume1_1_] : [DOUBLE]) - [null]
2016-06-20 01:23:48 DEBUG SQL:92 - select breed0_.id as id1_0_0_, breed0_.descr as descr2_0_0_, breed0_.name as name3_0_0_ from Breed breed0_ where breed0_.id=?
2016-06-20 01:23:48 TRACE BasicBinder:65 - binding parameter [1] as [BIGINT] - [-42]
2016-06-20 01:23:48 TRACE BasicExtractor:61 - extracted value ([descr2_0_0_] : [VARCHAR]) - [Красивый кот]
2016-06-20 01:23:48 TRACE BasicExtractor:61 - extracted value ([name3_0_0_] : [VARCHAR]) - [Перс]
2016-06-20 01:23:48 TRACE CollectionType:756 - Created collection wrapper: [hiber.Breed.pets#-42]
2016-06-20 01:23:48 TRACE CollectionType:756 - Created collection wrapper: [hiber.Pet.humans#8]
2016-06-20 01:23:48 TRACE CollectionType:756 - Created collection wrapper: [hiber.Pet.humans#9]
2016-06-20 01:23:48 TRACE CollectionType:756 - Created collection wrapper: [hiber.Pet.humans#10]
2016-06-20 01:23:48 TRACE CollectionType:756 - Created collection wrapper: [hiber.Pet.humans#108]
2016-06-20 01:23:48 TRACE CollectionType:756 - Created collection wrapper: [hiber.Pet.humans#109]
2016-06-20 01:23:48 TRACE CollectionType:756 - Created collection wrapper: [hiber.Pet.humans#110]
2016-06-20 01:23:48 TRACE CollectionType:756 - Created collection wrapper: [hiber.Pet.humans#158]
2016-06-20 01:23:48 TRACE CollectionType:756 - Created collection wrapper: [hiber.Pet.humans#159]
2016-06-20 01:23:48 TRACE CollectionType:756 - Created collection wrapper: [hiber.Pet.humans#160]
2016-06-20 01:23:48 DEBUG SQL:92 - select breed0_.id as id1_0_0_, breed0_.descr as descr2_0_0_, breed0_.name as name3_0_0_ from Breed breed0_ where breed0_.id=?
2016-06-20 01:23:48 TRACE BasicBinder:65 - binding parameter [1] as [BIGINT] - [208]
2016-06-20 01:23:48 TRACE BasicExtractor:61 - extracted value ([descr2_0_0_] : [VARCHAR]) - [Красивый кот]
2016-06-20 01:23:48 TRACE BasicExtractor:61 - extracted value ([name3_0_0_] : [VARCHAR]) - [Перс]
2016-06-20 01:23:48 TRACE CollectionType:756 - Created collection wrapper: [hiber.Breed.pets#208]
2016-06-20 01:23:48 TRACE CollectionType:756 - Created collection wrapper: [hiber.Pet.humans#258]
2016-06-20 01:23:48 TRACE CollectionType:756 - Created collection wrapper: [hiber.Pet.humans#259]
2016-06-20 01:23:48 TRACE CollectionType:756 - Created collection wrapper: [hiber.Pet.humans#260]
2016-06-20 01:23:48 DEBUG SQL:92 - select breed0_.id as id1_0_0_, breed0_.descr as descr2_0_0_, breed0_.name as name3_0_0_ from Breed breed0_ where breed0_.id=?
2016-06-20 01:23:48 TRACE BasicBinder:65 - binding parameter [1] as [BIGINT] - [358]
2016-06-20 01:23:48 TRACE BasicExtractor:61 - extracted value ([descr2_0_0_] : [VARCHAR]) - [Красивый кот]
2016-06-20 01:23:48 TRACE BasicExtractor:61 - extracted value ([name3_0_0_] : [VARCHAR]) - [Перс]
2016-06-20 01:23:48 TRACE CollectionType:756 - Created collection wrapper: [hiber.Breed.pets#358]
2016-06-20 01:23:48 TRACE CollectionType:756 - Created collection wrapper: [hiber.Pet.humans#408]
2016-06-20 01:23:48 TRACE CollectionType:756 - Created collection wrapper: [hiber.Pet.humans#409]
2016-06-20 01:23:48 TRACE CollectionType:756 - Created collection wrapper: [hiber.Pet.humans#410]
2016-06-20 01:23:48 DEBUG SQL:92 - select next_val as id_val from hibernate_sequence for update
2016-06-20 01:23:48 DEBUG SQL:92 - update hibernate_sequence set next_val= ? where next_val=?
2016-06-20 01:23:48 DEBUG SQL:92 - /* insert hiber.Human */ insert into Human (dob, name, id) values (?, ?, ?)
2016-06-20 01:23:48 TRACE BasicBinder:65 - binding parameter [1] as [TIMESTAMP] - [Tue Jan 23 00:06:00 GMT+03:00 1979]
2016-06-20 01:23:48 TRACE BasicBinder:65 - binding parameter [2] as [VARCHAR] - [Иванов Иван Иванович]
2016-06-20 01:23:48 TRACE BasicBinder:65 - binding parameter [3] as [BIGINT] - [458]
2016-06-20 01:23:48 DEBUG SQL:92 - /* insert hiber.Human */ insert into Human (dob, name, id) values (?, ?, ?)
2016-06-20 01:23:48 TRACE BasicBinder:65 - binding parameter [1] as [TIMESTAMP] - [Thu Jan 01 00:01:00 GMT+03:00 1970]
2016-06-20 01:23:48 TRACE BasicBinder:65 - binding parameter [2] as [VARCHAR] - [Джон Смитт]
2016-06-20 01:23:48 TRACE BasicBinder:65 - binding parameter [3] as [BIGINT] - [459]
2016-06-20 01:23:48 DEBUG SQL:92 - /* insert collection row hiber.Human.Pets */ insert into pet_2_human (human_id, pet_id) values (?, ?)
2016-06-20 01:23:48 TRACE BasicBinder:65 - binding parameter [1] as [BIGINT] - [458]
2016-06-20 01:23:48 TRACE BasicBinder:65 - binding parameter [2] as [BIGINT] - [160]
2016-06-20 01:23:48 DEBUG SQL:92 - /* insert collection row hiber.Human.Pets */ insert into pet_2_human (human_id, pet_id) values (?, ?)
2016-06-20 01:23:48 TRACE BasicBinder:65 - binding parameter [1] as [BIGINT] - [458]
2016-06-20 01:23:48 TRACE BasicBinder:65 - binding parameter [2] as [BIGINT] - [10]
2016-06-20 01:23:48 DEBUG SQL:92 - /* insert collection row hiber.Human.Pets */ insert into pet_2_human (human_id, pet_id) values (?, ?)
2016-06-20 01:23:48 TRACE BasicBinder:65 - binding parameter [1] as [BIGINT] - [458]
2016-06-20 01:23:48 TRACE BasicBinder:65 - binding parameter [2] as [BIGINT] - [110]
2016-06-20 01:23:48 DEBUG SQL:92 - /* insert collection row hiber.Human.Pets */ insert into pet_2_human (human_id, pet_id) values (?, ?)
2016-06-20 01:23:48 TRACE BasicBinder:65 - binding parameter [1] as [BIGINT] - [458]
2016-06-20 01:23:48 TRACE BasicBinder:65 - binding parameter [2] as [BIGINT] - [409]
2016-06-20 01:23:48 DEBUG SQL:92 - /* insert collection row hiber.Human.Pets */ insert into pet_2_human (human_id, pet_id) values (?, ?)
2016-06-20 01:23:48 TRACE BasicBinder:65 - binding parameter [1] as [BIGINT] - [458]
2016-06-20 01:23:48 TRACE BasicBinder:65 - binding parameter [2] as [BIGINT] - [109]
2016-06-20 01:23:48 DEBUG SQL:92 - /* insert collection row hiber.Human.Pets */ insert into pet_2_human (human_id, pet_id) values (?, ?)
2016-06-20 01:23:48 TRACE BasicBinder:65 - binding parameter [1] as [BIGINT] - [458]
2016-06-20 01:23:48 TRACE BasicBinder:65 - binding parameter [2] as [BIGINT] - [258]
2016-06-20 01:23:48 DEBUG SQL:92 - /* insert collection row hiber.Human.Pets */ insert into pet_2_human (human_id, pet_id) values (?, ?)
2016-06-20 01:23:48 TRACE BasicBinder:65 - binding parameter [1] as [BIGINT] - [458]
2016-06-20 01:23:48 TRACE BasicBinder:65 - binding parameter [2] as [BIGINT] - [158]
2016-06-20 01:23:48 DEBUG SQL:92 - /* insert collection row hiber.Human.Pets */ insert into pet_2_human (human_id, pet_id) values (?, ?)
2016-06-20 01:23:48 TRACE BasicBinder:65 - binding parameter [1] as [BIGINT] - [458]
2016-06-20 01:23:48 TRACE BasicBinder:65 - binding parameter [2] as [BIGINT] - [159]
2016-06-20 01:23:48 DEBUG SQL:92 - /* insert collection row hiber.Human.Pets */ insert into pet_2_human (human_id, pet_id) values (?, ?)
2016-06-20 01:23:48 TRACE BasicBinder:65 - binding parameter [1] as [BIGINT] - [458]
2016-06-20 01:23:48 TRACE BasicBinder:65 - binding parameter [2] as [BIGINT] - [410]
2016-06-20 01:23:48 DEBUG SQL:92 - /* insert collection row hiber.Human.Pets */ insert into pet_2_human (human_id, pet_id) values (?, ?)
2016-06-20 01:23:48 TRACE BasicBinder:65 - binding parameter [1] as [BIGINT] - [458]
2016-06-20 01:23:48 TRACE BasicBinder:65 - binding parameter [2] as [BIGINT] - [259]
2016-06-20 01:23:48 DEBUG SQL:92 - /* insert collection row hiber.Human.Pets */ insert into pet_2_human (human_id, pet_id) values (?, ?)
2016-06-20 01:23:48 TRACE BasicBinder:65 - binding parameter [1] as [BIGINT] - [458]
2016-06-20 01:23:48 TRACE BasicBinder:65 - binding parameter [2] as [BIGINT] - [260]
2016-06-20 01:23:48 DEBUG SQL:92 - /* insert collection row hiber.Human.Pets */ insert into pet_2_human (human_id, pet_id) values (?, ?)
2016-06-20 01:23:48 TRACE BasicBinder:65 - binding parameter [1] as [BIGINT] - [458]
2016-06-20 01:23:48 TRACE BasicBinder:65 - binding parameter [2] as [BIGINT] - [8]
2016-06-20 01:23:48 DEBUG SQL:92 - /* insert collection row hiber.Human.Pets */ insert into pet_2_human (human_id, pet_id) values (?, ?)
2016-06-20 01:23:48 TRACE BasicBinder:65 - binding parameter [1] as [BIGINT] - [458]
2016-06-20 01:23:48 TRACE BasicBinder:65 - binding parameter [2] as [BIGINT] - [9]
2016-06-20 01:23:48 DEBUG SQL:92 - /* insert collection row hiber.Human.Pets */ insert into pet_2_human (human_id, pet_id) values (?, ?)
2016-06-20 01:23:48 TRACE BasicBinder:65 - binding parameter [1] as [BIGINT] - [458]
2016-06-20 01:23:48 TRACE BasicBinder:65 - binding parameter [2] as [BIGINT] - [408]
2016-06-20 01:23:48 DEBUG SQL:92 - /* insert collection row hiber.Human.Pets */ insert into pet_2_human (human_id, pet_id) values (?, ?)
2016-06-20 01:23:48 TRACE BasicBinder:65 - binding parameter [1] as [BIGINT] - [458]
2016-06-20 01:23:48 TRACE BasicBinder:65 - binding parameter [2] as [BIGINT] - [108]
2016-06-20 01:23:48 DEBUG SQL:92 - /* insert collection row hiber.Human.Pets */ insert into pet_2_human (human_id, pet_id) values (?, ?)
2016-06-20 01:23:48 TRACE BasicBinder:65 - binding parameter [1] as [BIGINT] - [459]
2016-06-20 01:23:48 TRACE BasicBinder:65 - binding parameter [2] as [BIGINT] - [160]
2016-06-20 01:23:48 DEBUG SQL:92 - /* insert collection row hiber.Human.Pets */ insert into pet_2_human (human_id, pet_id) values (?, ?)
2016-06-20 01:23:48 TRACE BasicBinder:65 - binding parameter [1] as [BIGINT] - [459]
2016-06-20 01:23:48 TRACE BasicBinder:65 - binding parameter [2] as [BIGINT] - [10]
2016-06-20 01:23:48 DEBUG SQL:92 - /* insert collection row hiber.Human.Pets */ insert into pet_2_human (human_id, pet_id) values (?, ?)
2016-06-20 01:23:48 TRACE BasicBinder:65 - binding parameter [1] as [BIGINT] - [459]
2016-06-20 01:23:48 TRACE BasicBinder:65 - binding parameter [2] as [BIGINT] - [110]
2016-06-20 01:23:48 DEBUG SQL:92 - /* insert collection row hiber.Human.Pets */ insert into pet_2_human (human_id, pet_id) values (?, ?)
2016-06-20 01:23:48 TRACE BasicBinder:65 - binding parameter [1] as [BIGINT] - [459]
2016-06-20 01:23:48 TRACE BasicBinder:65 - binding parameter [2] as [BIGINT] - [409]
2016-06-20 01:23:48 DEBUG SQL:92 - /* insert collection row hiber.Human.Pets */ insert into pet_2_human (human_id, pet_id) values (?, ?)
2016-06-20 01:23:48 TRACE BasicBinder:65 - binding parameter [1] as [BIGINT] - [459]
2016-06-20 01:23:48 TRACE BasicBinder:65 - binding parameter [2] as [BIGINT] - [109]
2016-06-20 01:23:48 DEBUG SQL:92 - /* insert collection row hiber.Human.Pets */ insert into pet_2_human (human_id, pet_id) values (?, ?)
2016-06-20 01:23:48 TRACE BasicBinder:65 - binding parameter [1] as [BIGINT] - [459]
2016-06-20 01:23:48 TRACE BasicBinder:65 - binding parameter [2] as [BIGINT] - [258]
2016-06-20 01:23:48 DEBUG SQL:92 - /* insert collection row hiber.Human.Pets */ insert into pet_2_human (human_id, pet_id) values (?, ?)
2016-06-20 01:23:48 TRACE BasicBinder:65 - binding parameter [1] as [BIGINT] - [459]
2016-06-20 01:23:48 TRACE BasicBinder:65 - binding parameter [2] as [BIGINT] - [158]
2016-06-20 01:23:48 DEBUG SQL:92 - /* insert collection row hiber.Human.Pets */ insert into pet_2_human (human_id, pet_id) values (?, ?)
2016-06-20 01:23:48 TRACE BasicBinder:65 - binding parameter [1] as [BIGINT] - [459]
2016-06-20 01:23:48 TRACE BasicBinder:65 - binding parameter [2] as [BIGINT] - [159]
2016-06-20 01:23:48 DEBUG SQL:92 - /* insert collection row hiber.Human.Pets */ insert into pet_2_human (human_id, pet_id) values (?, ?)
2016-06-20 01:23:48 TRACE BasicBinder:65 - binding parameter [1] as [BIGINT] - [459]
2016-06-20 01:23:48 TRACE BasicBinder:65 - binding parameter [2] as [BIGINT] - [410]
2016-06-20 01:23:48 DEBUG SQL:92 - /* insert collection row hiber.Human.Pets */ insert into pet_2_human (human_id, pet_id) values (?, ?)
2016-06-20 01:23:48 TRACE BasicBinder:65 - binding parameter [1] as [BIGINT] - [459]
2016-06-20 01:23:48 TRACE BasicBinder:65 - binding parameter [2] as [BIGINT] - [259]
2016-06-20 01:23:48 DEBUG SQL:92 - /* insert collection row hiber.Human.Pets */ insert into pet_2_human (human_id, pet_id) values (?, ?)
2016-06-20 01:23:48 TRACE BasicBinder:65 - binding parameter [1] as [BIGINT] - [459]
2016-06-20 01:23:48 TRACE BasicBinder:65 - binding parameter [2] as [BIGINT] - [260]
2016-06-20 01:23:48 DEBUG SQL:92 - /* insert collection row hiber.Human.Pets */ insert into pet_2_human (human_id, pet_id) values (?, ?)
2016-06-20 01:23:48 TRACE BasicBinder:65 - binding parameter [1] as [BIGINT] - [459]
2016-06-20 01:23:48 TRACE BasicBinder:65 - binding parameter [2] as [BIGINT] - [8]
2016-06-20 01:23:48 DEBUG SQL:92 - /* insert collection row hiber.Human.Pets */ insert into pet_2_human (human_id, pet_id) values (?, ?)
2016-06-20 01:23:48 TRACE BasicBinder:65 - binding parameter [1] as [BIGINT] - [459]
2016-06-20 01:23:48 TRACE BasicBinder:65 - binding parameter [2] as [BIGINT] - [9]
2016-06-20 01:23:48 DEBUG SQL:92 - /* insert collection row hiber.Human.Pets */ insert into pet_2_human (human_id, pet_id) values (?, ?)
2016-06-20 01:23:48 TRACE BasicBinder:65 - binding parameter [1] as [BIGINT] - [459]
2016-06-20 01:23:48 TRACE BasicBinder:65 - binding parameter [2] as [BIGINT] - [408]
2016-06-20 01:23:48 DEBUG SQL:92 - /* insert collection row hiber.Human.Pets */ insert into pet_2_human (human_id, pet_id) values (?, ?)
2016-06-20 01:23:48 TRACE BasicBinder:65 - binding parameter [1] as [BIGINT] - [459]
2016-06-20 01:23:48 TRACE BasicBinder:65 - binding parameter [2] as [BIGINT] - [108]
2016-06-20 01:23:48 DEBUG SQL:92 - /* from Human where name like 'Иванов%' */ select human0_.id as id1_3_, human0_.dob as dob2_3_, human0_.name as name3_3_ from Human human0_ where human0_.name like 'Иванов%'
2016-06-20 01:23:48 TRACE BasicExtractor:61 - extracted value ([id1_3_] : [BIGINT]) - [58]
2016-06-20 01:23:48 TRACE BasicExtractor:61 - extracted value ([dob2_3_] : [TIMESTAMP]) - [1979-01-23 00:06:00.0]
2016-06-20 01:23:48 TRACE BasicExtractor:61 - extracted value ([name3_3_] : [VARCHAR]) - [Иванов Иван Иванович]
2016-06-20 01:23:48 TRACE BasicExtractor:61 - extracted value ([id1_3_] : [BIGINT]) - [308]
2016-06-20 01:23:48 TRACE BasicExtractor:61 - extracted value ([dob2_3_] : [TIMESTAMP]) - [1979-01-23 00:06:00.0]
2016-06-20 01:23:48 TRACE BasicExtractor:61 - extracted value ([name3_3_] : [VARCHAR]) - [Иванов Иван Иванович]
2016-06-20 01:23:48 TRACE BasicExtractor:61 - extracted value ([id1_3_] : [BIGINT]) - [458]
2016-06-20 01:23:48 TRACE BasicExtractor:61 - extracted value ([dob2_3_] : [TIMESTAMP]) - [1979-01-23 00:06:00.0]
2016-06-20 01:23:48 TRACE BasicExtractor:61 - extracted value ([name3_3_] : [VARCHAR]) - [Иванов Иван Иванович]
2016-06-20 01:23:48 TRACE CollectionType:756 - Created collection wrapper: [hiber.Human.Pets#58]
2016-06-20 01:23:48 TRACE CollectionType:756 - Created collection wrapper: [hiber.Human.Pets#308]
2016-06-20 01:23:48 TRACE CollectionType:756 - Created collection wrapper: [hiber.Human.Pets#458]
